<?xml version="1.0" encoding="UTF-8"?>
<testng-results ignored="0" total="1" passed="1" failed="0" skipped="0">
  <reporter-output>
    <line>
      <![CDATA[Bowser is loaded]]>
    </line>
    <line>
      <![CDATA[Application is opened]]>
    </line>
    <line>
      <![CDATA[Window is opened]]>
    </line>
    <line>
      <![CDATA[File Uploaded!]]>
    </line>
  </reporter-output>
  <suite started-at="2022-01-03T16:42:59 IST" name="Default suite" finished-at="2022-01-03T16:43:07 IST" duration-ms="8399">
    <groups>
    </groups>
    <test started-at="2022-01-03T16:42:59 IST" name="Default test" finished-at="2022-01-03T16:43:07 IST" duration-ms="8399">
      <class name="testngDemo.FileUploadUsingAutoIT">
        <test-method signature="fileupload()[pri:0, instance:testngDemo.FileUploadUsingAutoIT@33990a0c]" started-at="2022-01-03T16:42:59 IST" name="fileupload" finished-at="2022-01-03T16:43:07 IST" duration-ms="8242" status="PASS">
          <reporter-output>
            <line>
              <![CDATA[Bowser is loaded]]>
            </line>
            <line>
              <![CDATA[Application is opened]]>
            </line>
            <line>
              <![CDATA[Window is opened]]>
            </line>
            <line>
              <![CDATA[File Uploaded!]]>
            </line>
          </reporter-output>
        </test-method> <!-- fileupload -->
      </class> <!-- testngDemo.FileUploadUsingAutoIT -->
    </test> <!-- Default test -->
  </suite> <!-- Default suite -->
</testng-results>
