<?xml version="1.0" encoding="UTF-8"?>
<testng-results ignored="0" total="1" passed="1" failed="0" skipped="0">
  <reporter-output>
    <line>
      <![CDATA[Allication is Started....]]>
    </line>
    <line>
      <![CDATA[File Upload window is opend]]>
    </line>
    <line>
      <![CDATA[File Uploaded!]]>
    </line>
  </reporter-output>
  <suite started-at="2022-01-03T15:25:13 IST" name="Default suite" finished-at="2022-01-03T15:25:26 IST" duration-ms="12671">
    <groups>
    </groups>
    <test started-at="2022-01-03T15:25:13 IST" name="Default test" finished-at="2022-01-03T15:25:26 IST" duration-ms="12671">
      <class name="testDemo.FileUploadAutoIT">
        <test-method signature="test1()[pri:0, instance:testDemo.FileUploadAutoIT@49dc7102]" started-at="2022-01-03T15:25:14 IST" name="test1" finished-at="2022-01-03T15:25:26 IST" duration-ms="12586" status="PASS">
          <reporter-output>
            <line>
              <![CDATA[Allication is Started....]]>
            </line>
            <line>
              <![CDATA[File Upload window is opend]]>
            </line>
            <line>
              <![CDATA[File Uploaded!]]>
            </line>
          </reporter-output>
        </test-method> <!-- test1 -->
      </class> <!-- testDemo.FileUploadAutoIT -->
    </test> <!-- Default test -->
  </suite> <!-- Default suite -->
</testng-results>
