<?xml version="1.0" encoding="UTF-8"?>
<!-- Generated by org.testng.reporters.JUnitXMLReporter -->
<testsuite ignored="0" hostname="LAPTOP-IC5DFLOS" failures="1" tests="1" name="Test" time="13.515" errors="0" timestamp="2022-01-06T17:46:50 IST">
  <testcase classname="com.Orhrm.TestCases.LoginPageTest" name="verifyLogin" time="0.118">
    <failure type="java.lang.NullPointerException" message="Cannot invoke &amp;quot;com.aventstack.extentreports.ExtentTest.info(String)&amp;quot; because &amp;quot;this.logger&amp;quot; is null">
      <![CDATA[java.lang.NullPointerException: Cannot invoke "com.aventstack.extentreports.ExtentTest.info(String)" because "this.logger" is null
at com.Orhrm.TestCases.LoginPageTest.verifyLogin(LoginPageTest.java:24)
at java.base/java.util.ArrayList.forEach(ArrayList.java:1511)
... Removed 27 stack frames]]>
    </failure>
  </testcase> <!-- verifyLogin -->
</testsuite> <!-- Test -->
