<?xml version="1.0" encoding="UTF-8"?>
<testng-results skipped="0" failed="0" ignored="0" total="3" passed="3">
  <reporter-output>
  </reporter-output>
  <suite name="Suite" duration-ms="19634" started-at="2021-12-31T16:26:25 IST" finished-at="2021-12-31T16:26:45 IST">
    <groups>
    </groups>
    <test name="Test" duration-ms="19634" started-at="2021-12-31T16:26:25 IST" finished-at="2021-12-31T16:26:45 IST">
      <class name="webtesting.BrowserTest1">
        <test-method status="PASS" signature="chrome()[pri:0, instance:webtesting.BrowserTest1@e320068]" name="chrome" duration-ms="19532" started-at="2021-12-31T16:26:25 IST" finished-at="2021-12-31T16:26:45 IST">
          <reporter-output>
          </reporter-output>
        </test-method> <!-- chrome -->
      </class> <!-- webtesting.BrowserTest1 -->
      <class name="webtesting.TestDemo1">
        <test-method status="PASS" signature="test1()[pri:0, instance:webtesting.TestDemo1@15d0c81b]" name="test1" duration-ms="9" started-at="2021-12-31T16:26:25 IST" finished-at="2021-12-31T16:26:25 IST">
          <reporter-output>
          </reporter-output>
        </test-method> <!-- test1 -->
        <test-method status="PASS" signature="test2()[pri:0, instance:webtesting.TestDemo1@15d0c81b]" name="test2" duration-ms="0" started-at="2021-12-31T16:26:25 IST" finished-at="2021-12-31T16:26:25 IST">
          <reporter-output>
          </reporter-output>
        </test-method> <!-- test2 -->
      </class> <!-- webtesting.TestDemo1 -->
    </test> <!-- Test -->
  </suite> <!-- Suite -->
</testng-results>
