<?xml version="1.0" encoding="UTF-8"?>
<testng-results ignored="0" total="1" passed="1" failed="0" skipped="0">
  <reporter-output>
  </reporter-output>
  <suite started-at="2021-12-29T16:48:31 IST" name="Default suite" finished-at="2021-12-29T16:48:48 IST" duration-ms="17116">
    <groups>
    </groups>
    <test started-at="2021-12-29T16:48:31 IST" name="Default test" finished-at="2021-12-29T16:48:48 IST" duration-ms="17116">
      <class name="webtesting.BrowserTest1">
        <test-method signature="chrome()[pri:0, instance:webtesting.BrowserTest1@1e04fa0a]" started-at="2021-12-29T16:48:31 IST" name="chrome" finished-at="2021-12-29T16:48:48 IST" duration-ms="16979" status="PASS">
          <reporter-output>
          </reporter-output>
        </test-method> <!-- chrome -->
      </class> <!-- webtesting.BrowserTest1 -->
    </test> <!-- Default test -->
  </suite> <!-- Default suite -->
</testng-results>
