<?xml version="1.0" encoding="UTF-8"?>
<testng-results ignored="0" total="1" passed="1" failed="0" skipped="0">
  <reporter-output>
    <line>
      <![CDATA[Application configuration setup is started]]>
    </line>
    <line>
      <![CDATA[Application configuration setup is completed]]>
    </line>
    <line>
      <![CDATA[Browser and Application started]]>
    </line>
    <line>
      <![CDATA[Application login is executing]]>
    </line>
    <line>
      <![CDATA[Test Completed with Screenshot]]>
    </line>
    <line>
      <![CDATA[Bowser is closing]]>
    </line>
  </reporter-output>
  <suite started-at="2022-01-07T16:56:52 IST" name="Suite" finished-at="2022-01-07T16:57:13 IST" duration-ms="21474">
    <groups>
    </groups>
    <test started-at="2022-01-07T16:56:52 IST" name="Test" finished-at="2022-01-07T16:57:13 IST" duration-ms="21474">
      <class name="com.Orangehrm.TestCases.LoginMainTestCase">
        <test-method is-config="true" signature="setupconfig()[pri:0, instance:com.Orangehrm.TestCases.LoginMainTestCase@4d5650ae]" started-at="2022-01-07T16:56:49 IST" name="setupconfig" finished-at="2022-01-07T16:56:52 IST" duration-ms="2882" status="PASS">
          <reporter-output>
            <line>
              <![CDATA[Application configuration setup is started]]>
            </line>
            <line>
              <![CDATA[Application configuration setup is completed]]>
            </line>
          </reporter-output>
        </test-method> <!-- setupconfig -->
        <test-method is-config="true" signature="browsersetup()[pri:0, instance:com.Orangehrm.TestCases.LoginMainTestCase@4d5650ae]" started-at="2022-01-07T16:56:52 IST" name="browsersetup" finished-at="2022-01-07T16:57:05 IST" duration-ms="13236" status="PASS">
          <reporter-output>
            <line>
              <![CDATA[Browser and Application started]]>
            </line>
          </reporter-output>
        </test-method> <!-- browsersetup -->
        <test-method signature="loginVerification()[pri:0, instance:com.Orangehrm.TestCases.LoginMainTestCase@4d5650ae]" started-at="2022-01-07T16:57:05 IST" name="loginVerification" finished-at="2022-01-07T16:57:13 IST" duration-ms="7597" status="PASS">
          <reporter-output>
            <line>
              <![CDATA[Application login is executing]]>
            </line>
            <line>
              <![CDATA[Test Completed with Screenshot]]>
            </line>
          </reporter-output>
        </test-method> <!-- loginVerification -->
        <test-method is-config="true" signature="teardown()[pri:0, instance:com.Orangehrm.TestCases.LoginMainTestCase@4d5650ae]" started-at="2022-01-07T16:57:13 IST" name="teardown" finished-at="2022-01-07T16:57:13 IST" duration-ms="562" status="PASS">
          <reporter-output>
            <line>
              <![CDATA[Bowser is closing]]>
            </line>
          </reporter-output>
        </test-method> <!-- teardown -->
      </class> <!-- com.Orangehrm.TestCases.LoginMainTestCase -->
    </test> <!-- Test -->
  </suite> <!-- Suite -->
</testng-results>
